2018-02-07 18:36:12 - PHP Notice:  Use of undefined constant CheckBox - assumed 'CheckBox' in /var/www/html/opencart/upload/admin/view/template/dashboard/recentcustomers.tpl on line 9
2018-02-08 11:26:55 - PHP Notice:  Indirect modification of overloaded property ControllerInformationStatic::$data has no effect in /var/www/html/opencart/upload/catalog/controller/information/static.php on line 8
2018-02-08 11:26:56 - PHP Notice:  Indirect modification of overloaded property ControllerInformationStatic::$data has no effect in /var/www/html/opencart/upload/catalog/controller/information/static.php on line 9
2018-02-08 11:26:56 - PHP Notice:  Indirect modification of overloaded property ControllerInformationStatic::$data has no effect in /var/www/html/opencart/upload/catalog/controller/information/static.php on line 14
2018-02-08 11:26:56 - PHP Notice:  Indirect modification of overloaded property ControllerInformationStatic::$data has no effect in /var/www/html/opencart/upload/catalog/controller/information/static.php on line 21
2018-02-08 11:26:56 - PHP Notice:  Indirect modification of overloaded property ControllerInformationStatic::$data has no effect in /var/www/html/opencart/upload/catalog/controller/information/static.php on line 22
2018-02-08 11:34:46 - PHP Notice:  Indirect modification of overloaded property ControllerInformationStatic::$data has no effect in /var/www/html/opencart/upload/catalog/controller/information/static.php on line 8
2018-02-08 11:34:46 - PHP Notice:  Indirect modification of overloaded property ControllerInformationStatic::$data has no effect in /var/www/html/opencart/upload/catalog/controller/information/static.php on line 9
2018-02-08 11:34:46 - PHP Notice:  Indirect modification of overloaded property ControllerInformationStatic::$data has no effect in /var/www/html/opencart/upload/catalog/controller/information/static.php on line 14
2018-02-08 11:34:46 - PHP Notice:  Indirect modification of overloaded property ControllerInformationStatic::$data has no effect in /var/www/html/opencart/upload/catalog/controller/information/static.php on line 21
2018-02-08 11:34:46 - PHP Notice:  Indirect modification of overloaded property ControllerInformationStatic::$data has no effect in /var/www/html/opencart/upload/catalog/controller/information/static.php on line 22
2018-02-08 11:38:12 - PHP Notice:  Indirect modification of overloaded property ControllerInformationStatic::$data has no effect in /var/www/html/opencart/upload/catalog/controller/information/static.php on line 8
2018-02-08 11:38:12 - PHP Notice:  Indirect modification of overloaded property ControllerInformationStatic::$data has no effect in /var/www/html/opencart/upload/catalog/controller/information/static.php on line 9
2018-02-08 11:38:12 - PHP Notice:  Indirect modification of overloaded property ControllerInformationStatic::$data has no effect in /var/www/html/opencart/upload/catalog/controller/information/static.php on line 14
2018-02-08 11:38:27 - PHP Notice:  Indirect modification of overloaded property ControllerInformationStatic::$data has no effect in /var/www/html/opencart/upload/catalog/controller/information/static.php on line 8
2018-02-08 11:38:27 - PHP Notice:  Indirect modification of overloaded property ControllerInformationStatic::$data has no effect in /var/www/html/opencart/upload/catalog/controller/information/static.php on line 9
2018-02-08 11:38:39 - PHP Notice:  Indirect modification of overloaded property ControllerInformationStatic::$data has no effect in /var/www/html/opencart/upload/catalog/controller/information/static.php on line 8
2018-02-08 12:00:59 - PHP Notice:  Indirect modification of overloaded property ControllerInformationNews::$data has no effect in /var/www/html/opencart/upload/catalog/controller/information/news.php on line 10
2018-02-08 12:00:59 - PHP Notice:  Indirect modification of overloaded property ControllerInformationNews::$data has no effect in /var/www/html/opencart/upload/catalog/controller/information/news.php on line 11
2018-02-08 12:00:59 - PHP Notice:  Indirect modification of overloaded property ControllerInformationNews::$data has no effect in /var/www/html/opencart/upload/catalog/controller/information/news.php on line 16
2018-02-08 12:00:59 - PHP Notice:  Indirect modification of overloaded property ControllerInformationNews::$data has no effect in /var/www/html/opencart/upload/catalog/controller/information/news.php on line 23
2018-02-08 12:00:59 - PHP Notice:  Indirect modification of overloaded property ControllerInformationNews::$data has no effect in /var/www/html/opencart/upload/catalog/controller/information/news.php on line 24
2018-02-08 12:00:59 - PHP Notice:  Indirect modification of overloaded property ControllerInformationNews::$data has no effect in /var/www/html/opencart/upload/catalog/controller/information/news.php on line 25
2018-02-08 12:00:59 - PHP Notice:  Indirect modification of overloaded property ControllerInformationNews::$data has no effect in /var/www/html/opencart/upload/catalog/controller/information/news.php on line 26
2018-02-08 12:02:20 - PHP Notice:  Indirect modification of overloaded property ControllerInformationStatic::$data has no effect in /var/www/html/opencart/upload/catalog/controller/information/static.php on line 8
2018-02-08 12:02:20 - PHP Notice:  Indirect modification of overloaded property ControllerInformationStatic::$data has no effect in /var/www/html/opencart/upload/catalog/controller/information/static.php on line 9
2018-02-08 12:02:20 - PHP Notice:  Indirect modification of overloaded property ControllerInformationStatic::$data has no effect in /var/www/html/opencart/upload/catalog/controller/information/static.php on line 14
2018-02-08 12:02:20 - PHP Notice:  Indirect modification of overloaded property ControllerInformationStatic::$data has no effect in /var/www/html/opencart/upload/catalog/controller/information/static.php on line 21
2018-02-08 12:02:20 - PHP Notice:  Indirect modification of overloaded property ControllerInformationStatic::$data has no effect in /var/www/html/opencart/upload/catalog/controller/information/static.php on line 22
2018-02-09 9:52:54 - PHP Notice:  Indirect modification of overloaded property ControllerInformationStatic::$data has no effect in /var/www/html/opencart/upload/catalog/controller/information/static.php on line 8
2018-02-09 9:52:54 - PHP Notice:  Indirect modification of overloaded property ControllerInformationStatic::$data has no effect in /var/www/html/opencart/upload/catalog/controller/information/static.php on line 9
2018-02-09 9:52:54 - PHP Notice:  Indirect modification of overloaded property ControllerInformationStatic::$data has no effect in /var/www/html/opencart/upload/catalog/controller/information/static.php on line 14
2018-02-09 9:52:54 - PHP Notice:  Indirect modification of overloaded property ControllerInformationStatic::$data has no effect in /var/www/html/opencart/upload/catalog/controller/information/static.php on line 21
2018-02-09 9:52:54 - PHP Notice:  Indirect modification of overloaded property ControllerInformationStatic::$data has no effect in /var/www/html/opencart/upload/catalog/controller/information/static.php on line 22
2018-02-09 10:04:17 - PHP Notice:  Indirect modification of overloaded property ControllerInformationStatic::$data has no effect in /var/www/html/opencart/upload/catalog/controller/information/static.php on line 8
2018-02-09 10:04:17 - PHP Notice:  Indirect modification of overloaded property ControllerInformationStatic::$data has no effect in /var/www/html/opencart/upload/catalog/controller/information/static.php on line 9
2018-02-09 10:04:17 - PHP Notice:  Indirect modification of overloaded property ControllerInformationStatic::$data has no effect in /var/www/html/opencart/upload/catalog/controller/information/static.php on line 14
2018-02-09 10:04:17 - PHP Notice:  Indirect modification of overloaded property ControllerInformationStatic::$data has no effect in /var/www/html/opencart/upload/catalog/controller/information/static.php on line 21
2018-02-09 10:04:17 - PHP Notice:  Indirect modification of overloaded property ControllerInformationStatic::$data has no effect in /var/www/html/opencart/upload/catalog/controller/information/static.php on line 22
2018-02-09 10:12:27 - PHP Notice:  Indirect modification of overloaded property ControllerInformationStatic::$data has no effect in /var/www/html/opencart/upload/catalog/controller/information/static.php on line 8
2018-02-09 10:12:27 - PHP Notice:  Indirect modification of overloaded property ControllerInformationStatic::$data has no effect in /var/www/html/opencart/upload/catalog/controller/information/static.php on line 9
2018-02-09 10:12:27 - PHP Notice:  Indirect modification of overloaded property ControllerInformationStatic::$data has no effect in /var/www/html/opencart/upload/catalog/controller/information/static.php on line 14
2018-02-09 10:12:27 - PHP Notice:  Indirect modification of overloaded property ControllerInformationStatic::$data has no effect in /var/www/html/opencart/upload/catalog/controller/information/static.php on line 21
2018-02-09 10:12:27 - PHP Notice:  Indirect modification of overloaded property ControllerInformationStatic::$data has no effect in /var/www/html/opencart/upload/catalog/controller/information/static.php on line 22
2018-02-09 10:12:32 - PHP Notice:  Indirect modification of overloaded property ControllerInformationStatic::$data has no effect in /var/www/html/opencart/upload/catalog/controller/information/static.php on line 8
2018-02-09 10:12:32 - PHP Notice:  Indirect modification of overloaded property ControllerInformationStatic::$data has no effect in /var/www/html/opencart/upload/catalog/controller/information/static.php on line 9
2018-02-09 10:12:32 - PHP Notice:  Indirect modification of overloaded property ControllerInformationStatic::$data has no effect in /var/www/html/opencart/upload/catalog/controller/information/static.php on line 14
2018-02-09 10:12:32 - PHP Notice:  Indirect modification of overloaded property ControllerInformationStatic::$data has no effect in /var/www/html/opencart/upload/catalog/controller/information/static.php on line 21
2018-02-09 10:12:32 - PHP Notice:  Indirect modification of overloaded property ControllerInformationStatic::$data has no effect in /var/www/html/opencart/upload/catalog/controller/information/static.php on line 22
2018-02-09 10:12:40 - PHP Notice:  Indirect modification of overloaded property ControllerInformationStatic::$data has no effect in /var/www/html/opencart/upload/catalog/controller/information/static.php on line 8
2018-02-09 10:12:40 - PHP Notice:  Indirect modification of overloaded property ControllerInformationStatic::$data has no effect in /var/www/html/opencart/upload/catalog/controller/information/static.php on line 9
2018-02-09 10:12:40 - PHP Notice:  Indirect modification of overloaded property ControllerInformationStatic::$data has no effect in /var/www/html/opencart/upload/catalog/controller/information/static.php on line 14
2018-02-09 10:12:40 - PHP Notice:  Indirect modification of overloaded property ControllerInformationStatic::$data has no effect in /var/www/html/opencart/upload/catalog/controller/information/static.php on line 21
2018-02-09 10:12:40 - PHP Notice:  Indirect modification of overloaded property ControllerInformationStatic::$data has no effect in /var/www/html/opencart/upload/catalog/controller/information/static.php on line 22
2018-02-09 10:17:20 - PHP Notice:  Indirect modification of overloaded property ControllerInformationStatic::$data has no effect in /var/www/html/opencart/upload/catalog/controller/information/static.php on line 8
2018-02-09 10:17:20 - PHP Notice:  Indirect modification of overloaded property ControllerInformationStatic::$data has no effect in /var/www/html/opencart/upload/catalog/controller/information/static.php on line 9
2018-02-09 10:17:20 - PHP Notice:  Indirect modification of overloaded property ControllerInformationStatic::$data has no effect in /var/www/html/opencart/upload/catalog/controller/information/static.php on line 14
2018-02-09 10:17:20 - PHP Notice:  Indirect modification of overloaded property ControllerInformationStatic::$data has no effect in /var/www/html/opencart/upload/catalog/controller/information/static.php on line 21
2018-02-09 10:17:20 - PHP Notice:  Indirect modification of overloaded property ControllerInformationStatic::$data has no effect in /var/www/html/opencart/upload/catalog/controller/information/static.php on line 22
2018-02-09 10:20:47 - PHP Notice:  Indirect modification of overloaded property ControllerInformationStatic::$data has no effect in /var/www/html/opencart/upload/catalog/controller/information/static.php on line 8
2018-02-09 10:20:47 - PHP Notice:  Indirect modification of overloaded property ControllerInformationStatic::$data has no effect in /var/www/html/opencart/upload/catalog/controller/information/static.php on line 9
2018-02-09 10:20:47 - PHP Notice:  Indirect modification of overloaded property ControllerInformationStatic::$data has no effect in /var/www/html/opencart/upload/catalog/controller/information/static.php on line 14
2018-02-09 10:20:47 - PHP Notice:  Indirect modification of overloaded property ControllerInformationStatic::$data has no effect in /var/www/html/opencart/upload/catalog/controller/information/static.php on line 21
2018-02-09 10:20:47 - PHP Notice:  Indirect modification of overloaded property ControllerInformationStatic::$data has no effect in /var/www/html/opencart/upload/catalog/controller/information/static.php on line 22
2018-02-09 10:20:47 - PHP Notice:  Indirect modification of overloaded property ControllerInformationStatic::$data has no effect in /var/www/html/opencart/upload/catalog/controller/information/static.php on line 27
2018-02-09 10:20:47 - PHP Notice:  Indirect modification of overloaded property ControllerInformationStatic::$data has no effect in /var/www/html/opencart/upload/catalog/controller/information/static.php on line 28
2018-02-09 10:20:47 - PHP Notice:  Indirect modification of overloaded property ControllerInformationStatic::$data has no effect in /var/www/html/opencart/upload/catalog/controller/information/static.php on line 29
2018-02-09 10:20:47 - PHP Notice:  Indirect modification of overloaded property ControllerInformationStatic::$data has no effect in /var/www/html/opencart/upload/catalog/controller/information/static.php on line 30
2018-02-09 10:20:47 - PHP Notice:  Indirect modification of overloaded property ControllerInformationStatic::$data has no effect in /var/www/html/opencart/upload/catalog/controller/information/static.php on line 31
2018-02-09 10:20:48 - PHP Notice:  Indirect modification of overloaded property ControllerInformationStatic::$data has no effect in /var/www/html/opencart/upload/catalog/controller/information/static.php on line 32
2018-02-09 10:20:48 - PHP Warning:  Invalid argument supplied for foreach() in /var/www/html/opencart/upload/system/engine/loader.php on line 83
2018-02-09 10:20:48 - PHP Notice:  Undefined variable: header in /var/www/html/opencart/upload/catalog/view/theme/default/template/information/static.tpl on line 1
2018-02-09 10:20:48 - PHP Notice:  Undefined variable: column_left in /var/www/html/opencart/upload/catalog/view/theme/default/template/information/static.tpl on line 1
2018-02-09 10:20:48 - PHP Notice:  Undefined variable: column_right in /var/www/html/opencart/upload/catalog/view/theme/default/template/information/static.tpl on line 1
2018-02-09 10:20:48 - PHP Notice:  Undefined variable: content_top in /var/www/html/opencart/upload/catalog/view/theme/default/template/information/static.tpl on line 3
2018-02-09 10:20:48 - PHP Notice:  Undefined variable: breadcrumbs in /var/www/html/opencart/upload/catalog/view/theme/default/template/information/static.tpl on line 6
2018-02-09 10:20:48 - PHP Warning:  Invalid argument supplied for foreach() in /var/www/html/opencart/upload/catalog/view/theme/default/template/information/static.tpl on line 6
2018-02-09 10:20:48 - PHP Notice:  Undefined variable: heading_title in /var/www/html/opencart/upload/catalog/view/theme/default/template/information/static.tpl on line 11
2018-02-09 10:20:48 - PHP Notice:  Undefined variable: text_content in /var/www/html/opencart/upload/catalog/view/theme/default/template/information/static.tpl on line 13
2018-02-09 10:20:48 - PHP Notice:  Undefined variable: content_bottom in /var/www/html/opencart/upload/catalog/view/theme/default/template/information/static.tpl on line 15
2018-02-09 10:20:48 - PHP Notice:  Undefined variable: footer in /var/www/html/opencart/upload/catalog/view/theme/default/template/information/static.tpl on line 17
