2018-02-07 18:36:12 - PHP Notice:  Use of undefined constant CheckBox - assumed 'CheckBox' in /var/www/html/opencart/upload/admin/view/template/dashboard/recentcustomers.tpl on line 9
2018-02-08 11:26:55 - PHP Notice:  Indirect modification of overloaded property ControllerInformationStatic::$data has no effect in /var/www/html/opencart/upload/catalog/controller/information/static.php on line 8
2018-02-08 11:26:56 - PHP Notice:  Indirect modification of overloaded property ControllerInformationStatic::$data has no effect in /var/www/html/opencart/upload/catalog/controller/information/static.php on line 9
2018-02-08 11:26:56 - PHP Notice:  Indirect modification of overloaded property ControllerInformationStatic::$data has no effect in /var/www/html/opencart/upload/catalog/controller/information/static.php on line 14
2018-02-08 11:26:56 - PHP Notice:  Indirect modification of overloaded property ControllerInformationStatic::$data has no effect in /var/www/html/opencart/upload/catalog/controller/information/static.php on line 21
2018-02-08 11:26:56 - PHP Notice:  Indirect modification of overloaded property ControllerInformationStatic::$data has no effect in /var/www/html/opencart/upload/catalog/controller/information/static.php on line 22
2018-02-08 11:34:46 - PHP Notice:  Indirect modification of overloaded property ControllerInformationStatic::$data has no effect in /var/www/html/opencart/upload/catalog/controller/information/static.php on line 8
2018-02-08 11:34:46 - PHP Notice:  Indirect modification of overloaded property ControllerInformationStatic::$data has no effect in /var/www/html/opencart/upload/catalog/controller/information/static.php on line 9
2018-02-08 11:34:46 - PHP Notice:  Indirect modification of overloaded property ControllerInformationStatic::$data has no effect in /var/www/html/opencart/upload/catalog/controller/information/static.php on line 14
2018-02-08 11:34:46 - PHP Notice:  Indirect modification of overloaded property ControllerInformationStatic::$data has no effect in /var/www/html/opencart/upload/catalog/controller/information/static.php on line 21
2018-02-08 11:34:46 - PHP Notice:  Indirect modification of overloaded property ControllerInformationStatic::$data has no effect in /var/www/html/opencart/upload/catalog/controller/information/static.php on line 22
2018-02-08 11:38:12 - PHP Notice:  Indirect modification of overloaded property ControllerInformationStatic::$data has no effect in /var/www/html/opencart/upload/catalog/controller/information/static.php on line 8
2018-02-08 11:38:12 - PHP Notice:  Indirect modification of overloaded property ControllerInformationStatic::$data has no effect in /var/www/html/opencart/upload/catalog/controller/information/static.php on line 9
2018-02-08 11:38:12 - PHP Notice:  Indirect modification of overloaded property ControllerInformationStatic::$data has no effect in /var/www/html/opencart/upload/catalog/controller/information/static.php on line 14
2018-02-08 11:38:27 - PHP Notice:  Indirect modification of overloaded property ControllerInformationStatic::$data has no effect in /var/www/html/opencart/upload/catalog/controller/information/static.php on line 8
2018-02-08 11:38:27 - PHP Notice:  Indirect modification of overloaded property ControllerInformationStatic::$data has no effect in /var/www/html/opencart/upload/catalog/controller/information/static.php on line 9
2018-02-08 11:38:39 - PHP Notice:  Indirect modification of overloaded property ControllerInformationStatic::$data has no effect in /var/www/html/opencart/upload/catalog/controller/information/static.php on line 8
2018-02-08 12:00:59 - PHP Notice:  Indirect modification of overloaded property ControllerInformationNews::$data has no effect in /var/www/html/opencart/upload/catalog/controller/information/news.php on line 10
2018-02-08 12:00:59 - PHP Notice:  Indirect modification of overloaded property ControllerInformationNews::$data has no effect in /var/www/html/opencart/upload/catalog/controller/information/news.php on line 11
2018-02-08 12:00:59 - PHP Notice:  Indirect modification of overloaded property ControllerInformationNews::$data has no effect in /var/www/html/opencart/upload/catalog/controller/information/news.php on line 16
2018-02-08 12:00:59 - PHP Notice:  Indirect modification of overloaded property ControllerInformationNews::$data has no effect in /var/www/html/opencart/upload/catalog/controller/information/news.php on line 23
2018-02-08 12:00:59 - PHP Notice:  Indirect modification of overloaded property ControllerInformationNews::$data has no effect in /var/www/html/opencart/upload/catalog/controller/information/news.php on line 24
2018-02-08 12:00:59 - PHP Notice:  Indirect modification of overloaded property ControllerInformationNews::$data has no effect in /var/www/html/opencart/upload/catalog/controller/information/news.php on line 25
2018-02-08 12:00:59 - PHP Notice:  Indirect modification of overloaded property ControllerInformationNews::$data has no effect in /var/www/html/opencart/upload/catalog/controller/information/news.php on line 26
2018-02-08 12:02:20 - PHP Notice:  Indirect modification of overloaded property ControllerInformationStatic::$data has no effect in /var/www/html/opencart/upload/catalog/controller/information/static.php on line 8
2018-02-08 12:02:20 - PHP Notice:  Indirect modification of overloaded property ControllerInformationStatic::$data has no effect in /var/www/html/opencart/upload/catalog/controller/information/static.php on line 9
2018-02-08 12:02:20 - PHP Notice:  Indirect modification of overloaded property ControllerInformationStatic::$data has no effect in /var/www/html/opencart/upload/catalog/controller/information/static.php on line 14
2018-02-08 12:02:20 - PHP Notice:  Indirect modification of overloaded property ControllerInformationStatic::$data has no effect in /var/www/html/opencart/upload/catalog/controller/information/static.php on line 21
2018-02-08 12:02:20 - PHP Notice:  Indirect modification of overloaded property ControllerInformationStatic::$data has no effect in /var/www/html/opencart/upload/catalog/controller/information/static.php on line 22
2018-02-09 9:52:54 - PHP Notice:  Indirect modification of overloaded property ControllerInformationStatic::$data has no effect in /var/www/html/opencart/upload/catalog/controller/information/static.php on line 8
2018-02-09 9:52:54 - PHP Notice:  Indirect modification of overloaded property ControllerInformationStatic::$data has no effect in /var/www/html/opencart/upload/catalog/controller/information/static.php on line 9
2018-02-09 9:52:54 - PHP Notice:  Indirect modification of overloaded property ControllerInformationStatic::$data has no effect in /var/www/html/opencart/upload/catalog/controller/information/static.php on line 14
2018-02-09 9:52:54 - PHP Notice:  Indirect modification of overloaded property ControllerInformationStatic::$data has no effect in /var/www/html/opencart/upload/catalog/controller/information/static.php on line 21
2018-02-09 9:52:54 - PHP Notice:  Indirect modification of overloaded property ControllerInformationStatic::$data has no effect in /var/www/html/opencart/upload/catalog/controller/information/static.php on line 22
2018-02-09 10:04:17 - PHP Notice:  Indirect modification of overloaded property ControllerInformationStatic::$data has no effect in /var/www/html/opencart/upload/catalog/controller/information/static.php on line 8
2018-02-09 10:04:17 - PHP Notice:  Indirect modification of overloaded property ControllerInformationStatic::$data has no effect in /var/www/html/opencart/upload/catalog/controller/information/static.php on line 9
2018-02-09 10:04:17 - PHP Notice:  Indirect modification of overloaded property ControllerInformationStatic::$data has no effect in /var/www/html/opencart/upload/catalog/controller/information/static.php on line 14
2018-02-09 10:04:17 - PHP Notice:  Indirect modification of overloaded property ControllerInformationStatic::$data has no effect in /var/www/html/opencart/upload/catalog/controller/information/static.php on line 21
2018-02-09 10:04:17 - PHP Notice:  Indirect modification of overloaded property ControllerInformationStatic::$data has no effect in /var/www/html/opencart/upload/catalog/controller/information/static.php on line 22
2018-02-09 10:32:29 - PHP Notice:  Undefined variable: text_contact in /var/www/html/opencart/catalog/view/theme/default/template/information/static.tpl on line 105
2018-02-09 10:40:30 - PHP Warning:  imagejpeg(/var/www/html/opencart/image/cache/catalog/demo/macbook_1-200x200.jpg): failed to open stream: Permission denied in /var/www/html/opencart/system/library/image.php on line 64
2018-02-09 10:40:30 - PHP Warning:  copy(/var/www/html/opencart/image/cache/catalog/demo/manufacturer/nfl-130x100.png): failed to open stream: Permission denied in /var/www/html/opencart/catalog/model/tool/image.php on line 37
2018-02-09 10:40:30 - PHP Warning:  copy(/var/www/html/opencart/image/cache/catalog/demo/manufacturer/redbull-130x100.png): failed to open stream: Permission denied in /var/www/html/opencart/catalog/model/tool/image.php on line 37
2018-02-09 10:40:30 - PHP Warning:  copy(/var/www/html/opencart/image/cache/catalog/demo/manufacturer/sony-130x100.png): failed to open stream: Permission denied in /var/www/html/opencart/catalog/model/tool/image.php on line 37
2018-02-09 10:40:30 - PHP Warning:  copy(/var/www/html/opencart/image/cache/catalog/demo/manufacturer/cocacola-130x100.png): failed to open stream: Permission denied in /var/www/html/opencart/catalog/model/tool/image.php on line 37
2018-02-09 10:40:30 - PHP Warning:  copy(/var/www/html/opencart/image/cache/catalog/demo/manufacturer/burgerking-130x100.png): failed to open stream: Permission denied in /var/www/html/opencart/catalog/model/tool/image.php on line 37
2018-02-09 10:40:30 - PHP Warning:  copy(/var/www/html/opencart/image/cache/catalog/demo/manufacturer/canon-130x100.png): failed to open stream: Permission denied in /var/www/html/opencart/catalog/model/tool/image.php on line 37
2018-02-09 10:40:30 - PHP Warning:  copy(/var/www/html/opencart/image/cache/catalog/demo/manufacturer/harley-130x100.png): failed to open stream: Permission denied in /var/www/html/opencart/catalog/model/tool/image.php on line 37
2018-02-09 10:40:30 - PHP Warning:  copy(/var/www/html/opencart/image/cache/catalog/demo/manufacturer/dell-130x100.png): failed to open stream: Permission denied in /var/www/html/opencart/catalog/model/tool/image.php on line 37
2018-02-09 10:40:30 - PHP Warning:  copy(/var/www/html/opencart/image/cache/catalog/demo/manufacturer/disney-130x100.png): failed to open stream: Permission denied in /var/www/html/opencart/catalog/model/tool/image.php on line 37
2018-02-09 10:40:30 - PHP Warning:  copy(/var/www/html/opencart/image/cache/catalog/demo/manufacturer/starbucks-130x100.png): failed to open stream: Permission denied in /var/www/html/opencart/catalog/model/tool/image.php on line 37
2018-02-09 10:40:30 - PHP Warning:  copy(/var/www/html/opencart/image/cache/catalog/demo/manufacturer/nintendo-130x100.png): failed to open stream: Permission denied in /var/www/html/opencart/catalog/model/tool/image.php on line 37
2018-02-09 10:44:33 - PHP Notice:  Undefined index: name in /var/www/html/opencart/catalog/controller/information/staticnew.php on line 147
2018-02-09 10:44:33 - PHP Notice:  Undefined index: enquiry in /var/www/html/opencart/catalog/controller/information/staticnew.php on line 155
2018-02-09 10:46:57 - PHP Notice:  Undefined index: name in /var/www/html/opencart/catalog/controller/information/staticnew.php on line 147
2018-02-09 10:46:57 - PHP Notice:  Undefined index: enquiry in /var/www/html/opencart/catalog/controller/information/staticnew.php on line 155
2018-02-09 10:46:57 - PHP Notice:  Undefined variable: name in /var/www/html/opencart/catalog/view/theme/default/template/information/static.tpl on line 109
2018-02-09 10:46:57 - PHP Notice:  Undefined variable: enquiry in /var/www/html/opencart/catalog/view/theme/default/template/information/static.tpl on line 127
2018-02-09 10:47:01 - PHP Notice:  Undefined index: name in /var/www/html/opencart/catalog/controller/information/staticnew.php on line 147
2018-02-09 10:47:01 - PHP Notice:  Undefined index: enquiry in /var/www/html/opencart/catalog/controller/information/staticnew.php on line 155
2018-02-09 10:47:01 - PHP Notice:  Undefined variable: name in /var/www/html/opencart/catalog/view/theme/default/template/information/static.tpl on line 109
2018-02-09 10:47:01 - PHP Notice:  Undefined variable: enquiry in /var/www/html/opencart/catalog/view/theme/default/template/information/static.tpl on line 127
2018-02-09 10:48:07 - PHP Notice:  Undefined index: name in /var/www/html/opencart/catalog/controller/information/staticnew.php on line 147
2018-02-09 10:48:07 - PHP Notice:  Undefined index: enquiry in /var/www/html/opencart/catalog/controller/information/staticnew.php on line 155
2018-02-09 12:01:34 - PHP Warning:  imagejpeg(/var/www/html/opencart/image/cache/catalog/demo/macbook_1-200x200.jpg): failed to open stream: Permission denied in /var/www/html/opencart/system/library/image.php on line 64
2018-02-09 12:01:35 - PHP Warning:  copy(/var/www/html/opencart/image/cache/catalog/demo/manufacturer/nfl-130x100.png): failed to open stream: Permission denied in /var/www/html/opencart/catalog/model/tool/image.php on line 37
2018-02-09 12:01:35 - PHP Warning:  copy(/var/www/html/opencart/image/cache/catalog/demo/manufacturer/redbull-130x100.png): failed to open stream: Permission denied in /var/www/html/opencart/catalog/model/tool/image.php on line 37
2018-02-09 12:01:35 - PHP Warning:  copy(/var/www/html/opencart/image/cache/catalog/demo/manufacturer/sony-130x100.png): failed to open stream: Permission denied in /var/www/html/opencart/catalog/model/tool/image.php on line 37
2018-02-09 12:01:35 - PHP Warning:  copy(/var/www/html/opencart/image/cache/catalog/demo/manufacturer/cocacola-130x100.png): failed to open stream: Permission denied in /var/www/html/opencart/catalog/model/tool/image.php on line 37
2018-02-09 12:01:35 - PHP Warning:  copy(/var/www/html/opencart/image/cache/catalog/demo/manufacturer/burgerking-130x100.png): failed to open stream: Permission denied in /var/www/html/opencart/catalog/model/tool/image.php on line 37
2018-02-09 12:01:35 - PHP Warning:  copy(/var/www/html/opencart/image/cache/catalog/demo/manufacturer/canon-130x100.png): failed to open stream: Permission denied in /var/www/html/opencart/catalog/model/tool/image.php on line 37
2018-02-09 12:01:35 - PHP Warning:  copy(/var/www/html/opencart/image/cache/catalog/demo/manufacturer/harley-130x100.png): failed to open stream: Permission denied in /var/www/html/opencart/catalog/model/tool/image.php on line 37
2018-02-09 12:01:35 - PHP Warning:  copy(/var/www/html/opencart/image/cache/catalog/demo/manufacturer/dell-130x100.png): failed to open stream: Permission denied in /var/www/html/opencart/catalog/model/tool/image.php on line 37
2018-02-09 12:01:35 - PHP Warning:  copy(/var/www/html/opencart/image/cache/catalog/demo/manufacturer/disney-130x100.png): failed to open stream: Permission denied in /var/www/html/opencart/catalog/model/tool/image.php on line 37
2018-02-09 12:01:35 - PHP Warning:  copy(/var/www/html/opencart/image/cache/catalog/demo/manufacturer/starbucks-130x100.png): failed to open stream: Permission denied in /var/www/html/opencart/catalog/model/tool/image.php on line 37
2018-02-09 12:01:35 - PHP Warning:  copy(/var/www/html/opencart/image/cache/catalog/demo/manufacturer/nintendo-130x100.png): failed to open stream: Permission denied in /var/www/html/opencart/catalog/model/tool/image.php on line 37
